
2023-11-12 23:40:11,910 - __main__ - INFO - Token value: 1234
2023-11-12 23:40:12,753 - __main__ - INFO - yungdankblast
2023-11-12 23:44:44,725 - __main__ - INFO - yungdankblast
2023-11-12 23:44:44,725 - __main__ - INFO - expertest
2023-11-12 23:52:11,886 - __main__ - INFO - expertest
2023-11-12 23:53:21,771 - __main__ - INFO - e  x  p  e  r  t  e  s  t
2023-11-13 00:14:53,504 - __main__ - INFO - expertest
2023-11-13 01:13:47,036 - __main__ - INFO - -Empty-
2023-11-13 02:04:08,853 - __main__ - INFO - -Empty-
2023-11-13 02:33:23,646 - __main__ - INFO - -Empty-
2023-11-13 02:52:18,717 - __main__ - INFO - -Empty-
2023-11-13 03:16:51,615 - __main__ - INFO - -Empty-
2023-11-13 03:37:27,925 - __main__ - INFO - -Empty-
2023-11-13 03:52:12,337 - __main__ - INFO - -Empty-
2023-11-13 04:19:45,792 - __main__ - INFO - -Empty-
2023-11-13 04:37:49,204 - __main__ - INFO - -Empty-
2023-11-13 04:52:34,182 - __main__ - INFO - -Empty-
2023-11-13 05:15:41,581 - __main__ - INFO - -Empty-
2023-11-13 05:37:44,982 - __main__ - INFO - -Empty-
2023-11-13 05:52:41,110 - __main__ - INFO - -Empty-
2023-11-13 06:21:51,690 - __main__ - INFO - yungdankblast
2023-11-13 06:38:58,611 - __main__ - INFO - yungdankblast
2023-11-13 06:52:37,361 - __main__ - INFO - yungdankblast
2023-11-13 07:15:08,223 - __main__ - INFO - yungdankblast
2023-11-13 07:27:08,954 - __main__ - INFO - -Empty-
2023-11-13 07:39:10,870 - __main__ - INFO - yungdankblast
2023-11-13 07:52:21,135 - __main__ - INFO - yungdankblast
2023-11-13 08:21:15,417 - __main__ - INFO - -Empty-
2023-11-13 08:38:38,713 - __main__ - INFO - -Empty-
2023-11-13 08:52:20,104 - __main__ - INFO - -Empty-
2023-11-13 09:17:11,656 - __main__ - INFO - -Empty-
2023-11-13 09:37:38,309 - __main__ - INFO - -Empty-
2023-11-13 09:52:14,134 - __main__ - INFO - -Empty-
2023-11-13 10:18:07,519 - __main__ - INFO - -Empty-
2023-11-13 10:39:08,894 - __main__ - INFO - -Empty-
2023-11-13 10:52:33,142 - __main__ - INFO - -Empty-
2023-11-13 11:13:59,567 - __main__ - INFO - -Empty-
2023-11-13 11:25:55,307 - __main__ - INFO - -Empty-
2023-11-13 11:38:08,014 - __main__ - INFO - TheGreenOnionPot
2023-11-13 11:52:30,475 - __main__ - INFO - TheGreenOnionPot
2023-11-13 12:32:22,599 - __main__ - INFO - TheGreenOnionPot
2023-11-13 13:00:05,668 - __main__ - INFO - TheGreenOnionPot  expertest
2023-11-13 13:24:10,611 - __main__ - INFO - -Empty-
